TN:
SF:src\app\api\attachments\[attachmentId]\route.ts
FN:16,GET
FNF:1
FNH:0
FNDA:0,GET
DA:17,0
DA:18,0
DA:19,0
DA:22,0
DA:24,0
DA:34,0
DA:35,0
DA:38,0
DA:39,0
DA:43,0
DA:45,0
LF:11
LH:0
BRDA:18,0,0,0
BRDA:18,0,1,0
BRDA:34,1,0,0
BRDA:34,1,1,0
BRDA:38,2,0,0
BRDA:38,2,1,0
BRF:6
BRH:0
end_of_record
TN:
SF:src\app\api\auth\[...nextauth]\route.ts
FNF:0
FNH:0
DA:3,0
LF:1
LH:0
BRF:0
BRH:0
end_of_record
TN:
SF:src\app\api\auth\google\callback\route.ts
FN:23,GET
FNF:1
FNH:0
FNDA:0,GET
DA:6,0
DA:7,0
DA:8,0
DA:24,0
DA:25,0
DA:26,0
DA:28,0
DA:33,0
DA:34,0
DA:38,0
DA:39,0
DA:40,0
DA:45,0
DA:46,0
DA:47,0
DA:49,0
DA:50,0
DA:53,0
DA:55,0
DA:57,0
DA:65,0
DA:71,0
DA:72,0
DA:75,0
DA:78,0
DA:82,0
DA:83,0
DA:86,0
DA:89,0
DA:90,0
DA:91,0
DA:94,0
DA:97,0
DA:129,0
DA:132,0
DA:134,0
DA:136,0
LF:37
LH:0
BRDA:33,0,0,0
BRDA:33,0,1,0
BRDA:33,1,0,0
BRDA:33,1,1,0
BRDA:39,2,0,0
BRDA:39,2,1,0
BRDA:39,3,0,0
BRDA:39,3,1,0
BRDA:49,4,0,0
BRDA:49,4,1,0
BRDA:49,5,0,0
BRDA:49,5,1,0
BRDA:49,5,2,0
BRDA:71,6,0,0
BRDA:71,6,1,0
BRDA:82,7,0,0
BRDA:82,7,1,0
BRDA:90,8,0,0
BRDA:90,8,1,0
BRDA:110,9,0,0
BRDA:110,9,1,0
BRDA:114,10,0,0
BRDA:114,10,1,0
BRDA:119,11,0,0
BRDA:119,11,1,0
BRDA:123,12,0,0
BRDA:123,12,1,0
BRF:27
BRH:0
end_of_record
TN:
SF:src\app\api\auth\google\initiate\route.ts
FN:12,GET
FNF:1
FNH:0
FNDA:0,GET
DA:4,0
DA:10,0
DA:13,0
DA:14,0
DA:16,0
DA:17,0
DA:23,0
DA:24,0
DA:26,0
DA:36,0
DA:38,0
DA:40,0
DA:47,0
LF:13
LH:0
BRDA:16,0,0,0
BRDA:16,0,1,0
BRDA:16,1,0,0
BRDA:16,1,1,0
BRF:4
BRH:0
end_of_record
TN:
SF:src\app\api\auth\outlook\callback\route.ts
FN:32,GET
FNF:1
FNH:0
FNDA:0,GET
DA:6,0
DA:7,0
DA:33,0
DA:34,0
DA:36,0
DA:37,0
DA:38,0
DA:41,0
DA:42,0
DA:45,0
DA:46,0
DA:50,0
DA:51,0
DA:52,0
DA:56,0
DA:57,0
DA:58,0
DA:61,0
DA:62,0
DA:63,0
DA:64,0
DA:67,0
DA:69,0
DA:71,0
DA:79,0
DA:85,0
DA:86,0
DA:87,0
DA:90,0
DA:93,0
DA:97,0
DA:98,0
DA:99,0
DA:102,0
DA:103,0
DA:105,0
DA:106,0
DA:109,0
DA:112,0
DA:146,0
DA:147,0
DA:148,0
DA:150,0
DA:151,0
LF:44
LH:0
BRDA:33,0,0,0
BRDA:33,0,1,0
BRDA:41,1,0,0
BRDA:41,1,1,0
BRDA:45,2,0,0
BRDA:45,2,1,0
BRDA:45,3,0,0
BRDA:45,3,1,0
BRDA:51,4,0,0
BRDA:51,4,1,0
BRDA:51,5,0,0
BRDA:51,5,1,0
BRDA:57,6,0,0
BRDA:57,6,1,0
BRDA:57,7,0,0
BRDA:57,7,1,0
BRDA:63,8,0,0
BRDA:63,8,1,0
BRDA:63,9,0,0
BRDA:63,9,1,0
BRDA:85,10,0,0
BRDA:85,10,1,0
BRDA:97,11,0,0
BRDA:97,11,1,0
BRDA:103,12,0,0
BRDA:103,12,1,0
BRDA:103,12,2,0
BRDA:105,13,0,0
BRDA:105,13,1,0
BRDA:123,14,0,0
BRDA:123,14,1,0
BRDA:126,15,0,0
BRDA:126,15,1,0
BRDA:134,16,0,0
BRDA:134,16,1,0
BRDA:136,17,0,0
BRDA:136,17,1,0
BRF:37
BRH:0
end_of_record
TN:
SF:src\app\api\auth\outlook\initiate\route.ts
FN:23,GET
FNF:1
FNH:0
FNDA:0,GET
DA:5,0
DA:6,0
DA:24,0
DA:25,0
DA:26,0
DA:29,0
DA:30,0
DA:31,0
DA:36,0
DA:37,0
DA:39,0
DA:49,0
DA:51,0
DA:52,0
DA:59,0
LF:15
LH:0
BRDA:25,0,0,0
BRDA:25,0,1,0
BRDA:26,1,0,0
BRDA:26,1,1,0
BRDA:30,2,0,0
BRDA:30,2,1,0
BRDA:32,3,0,0
BRDA:32,3,1,0
BRDA:37,4,0,0
BRDA:37,4,1,0
BRF:10
BRH:0
end_of_record
TN:
SF:src\app\api\clients\route.ts
FN:19,POST
FN:66,GET
FNF:2
FNH:1
FNDA:0,POST
FNDA:1,GET
DA:6,1
DA:20,0
DA:21,0
DA:22,0
DA:26,0
DA:27,0
DA:29,0
DA:32,0
DA:33,0
DA:34,0
DA:40,0
DA:42,0
DA:63,0
DA:67,1
DA:68,1
DA:69,0
DA:72,1
DA:86,1
LF:18
LH:5
BRDA:21,0,0,0
BRDA:21,0,1,0
BRDA:33,1,0,0
BRDA:33,1,1,0
BRDA:46,2,0,0
BRDA:46,2,1,0
BRDA:47,3,0,0
BRDA:47,3,1,0
BRDA:50,4,0,0
BRDA:50,4,1,0
BRDA:68,5,0,0
BRDA:68,5,1,1
BRF:12
BRH:1
end_of_record
TN:
SF:src\app\api\clients\[clientId]\route.ts
FN:23,GET
FN:52,PATCH
FNF:2
FNH:2
FNDA:3,GET
FNDA:8,PATCH
DA:6,1
DA:24,3
DA:25,3
DA:26,1
DA:29,2
DA:31,2
DA:45,2
DA:46,1
DA:49,1
DA:53,8
DA:54,8
DA:55,1
DA:58,7
DA:60,7
DA:65,7
DA:66,1
DA:70,6
DA:71,6
DA:73,0
DA:76,6
DA:77,6
DA:78,2
DA:84,4
DA:86,4
DA:108,4
LF:25
LH:24
BRDA:25,0,0,1
BRDA:25,0,1,2
BRDA:45,1,0,1
BRDA:45,1,1,1
BRDA:54,2,0,1
BRDA:54,2,1,7
BRDA:65,3,0,1
BRDA:65,3,1,6
BRDA:77,4,0,2
BRDA:77,4,1,4
BRDA:90,5,0,4
BRDA:90,5,1,3
BRDA:91,6,0,8
BRDA:91,6,1,3
BRDA:94,7,0,8
BRDA:94,7,1,3
BRF:16
BRH:16
end_of_record
TN:
SF:src\app\api\documents\[documentId]\route.ts
FN:16,GET
FNF:1
FNH:0
FNDA:0,GET
DA:17,0
DA:18,0
DA:19,0
DA:22,0
DA:24,0
DA:40,0
DA:41,0
DA:44,0
DA:45,0
DA:48,0
DA:50,0
LF:11
LH:0
BRDA:18,0,0,0
BRDA:18,0,1,0
BRDA:40,1,0,0
BRDA:40,1,1,0
BRDA:44,2,0,0
BRDA:44,2,1,0
BRDA:54,3,0,0
BRDA:54,3,1,0
BRDA:55,4,0,0
BRDA:55,4,1,0
BRF:10
BRH:0
end_of_record
TN:
SF:src\app\api\emails\[emailId]\route.ts
FN:5,GET
FNF:1
FNH:1
FNDA:1,GET
DA:9,1
DA:10,1
DA:11,0
DA:14,1
DA:15,1
DA:44,1
DA:45,0
DA:47,1
LF:8
LH:6
BRDA:10,0,0,0
BRDA:10,0,1,1
BRDA:44,1,0,0
BRDA:44,1,1,1
BRF:4
BRH:2
end_of_record
TN:
SF:src\app\api\emails\[emailId]\actions\[actionId]\approve\route.ts
FN:10,POST
FNF:1
FNH:1
FNDA:10,POST
DA:6,1
DA:14,10
DA:15,10
DA:16,0
DA:18,10
DA:19,1
DA:22,9
DA:23,9
DA:24,9
DA:25,9
DA:27,0
DA:29,9
DA:30,9
DA:31,0
DA:34,9
DA:35,9
DA:43,9
DA:44,4
DA:49,5
LF:19
LH:16
BRDA:15,0,0,0
BRDA:15,0,1,10
BRDA:18,1,0,1
BRDA:18,1,1,9
BRDA:25,2,0,9
BRDA:25,2,1,0
BRDA:30,3,0,0
BRDA:30,3,1,9
BRDA:43,4,0,4
BRDA:43,4,1,5
BRDA:45,5,0,4
BRDA:45,5,1,1
BRF:12
BRH:9
end_of_record
TN:
SF:src\app\api\emails\[emailId]\actions\[actionId]\reject\route.ts
FN:10,POST
FNF:1
FNH:1
FNDA:3,POST
DA:6,1
DA:14,3
DA:15,3
DA:16,0
DA:18,3
DA:19,1
DA:22,2
DA:23,2
DA:24,2
DA:25,2
DA:27,0
DA:29,2
DA:30,2
DA:31,0
DA:34,2
DA:35,2
DA:43,2
DA:44,1
DA:49,1
LF:19
LH:16
BRDA:15,0,0,0
BRDA:15,0,1,3
BRDA:18,1,0,1
BRDA:18,1,1,2
BRDA:25,2,0,2
BRDA:25,2,1,0
BRDA:30,3,0,0
BRDA:30,3,1,2
BRDA:43,4,0,1
BRDA:43,4,1,1
BRDA:45,5,0,1
BRDA:45,5,1,0
BRF:12
BRH:8
end_of_record
TN:
SF:src\app\api\emails\[emailId]\draft\route.ts
FN:10,PATCH
FNF:1
FNH:1
FNDA:2,PATCH
DA:6,1
DA:14,2
DA:15,2
DA:16,0
DA:18,2
DA:19,0
DA:23,2
DA:24,2
DA:26,0
DA:28,2
DA:29,2
DA:30,0
DA:33,2
DA:34,2
DA:40,2
DA:41,1
DA:46,1
LF:17
LH:13
BRDA:15,0,0,0
BRDA:15,0,1,2
BRDA:18,1,0,0
BRDA:18,1,1,2
BRDA:29,2,0,0
BRDA:29,2,1,2
BRDA:40,3,0,1
BRDA:40,3,1,1
BRDA:42,4,0,1
BRDA:42,4,1,0
BRF:10
BRH:6
end_of_record
TN:
SF:src\app\api\emails\[emailId]\draft\retry-send\route.ts
FN:5,POST
FNF:1
FNH:1
FNDA:5,POST
DA:9,5
DA:10,5
DA:11,0
DA:13,5
DA:14,0
DA:17,5
DA:18,5
DA:24,5
DA:25,4
DA:30,1
LF:10
LH:8
BRDA:10,0,0,0
BRDA:10,0,1,5
BRDA:13,1,0,0
BRDA:13,1,1,5
BRDA:24,2,0,4
BRDA:24,2,1,1
BRDA:26,3,0,4
BRDA:26,3,1,0
BRF:8
BRH:5
end_of_record
TN:
SF:src\app\api\emails\associate-sender\route.ts
FN:11,POST
FN:47,(anonymous_1)
FNF:2
FNH:2
FNDA:7,POST
FNDA:1,(anonymous_1)
DA:6,1
DA:12,7
DA:13,7
DA:14,1
DA:17,6
DA:20,6
DA:21,6
DA:23,0
DA:26,6
DA:27,6
DA:28,2
DA:34,4
DA:35,4
DA:37,4
DA:42,4
DA:43,1
DA:47,3
DA:48,1
DA:51,3
DA:52,2
DA:59,3
DA:68,3
LF:22
LH:21
BRDA:13,0,0,1
BRDA:13,0,1,6
BRDA:27,1,0,2
BRDA:27,1,1,4
BRDA:42,2,0,1
BRDA:42,2,1,3
BRDA:51,3,0,2
BRDA:51,3,1,1
BRF:8
BRH:8
end_of_record
TN:
SF:src\app\api\invitations\route.ts
FN:12,POST
FN:73,GET
FNF:2
FNH:2
FNDA:4,POST
FNDA:1,GET
DA:7,1
DA:13,4
DA:14,4
DA:15,0
DA:17,4
DA:18,2
DA:22,2
DA:23,2
DA:25,0
DA:28,2
DA:29,2
DA:30,0
DA:36,2
DA:37,2
DA:43,1
DA:57,1
DA:58,1
DA:63,0
DA:64,0
DA:66,0
DA:70,1
DA:71,1
DA:74,1
DA:75,1
DA:76,0
DA:78,1
DA:79,0
DA:82,1
DA:83,1
DA:84,1
DA:86,1
DA:102,1
DA:103,1
DA:104,1
LF:34
LH:26
BRDA:14,0,0,0
BRDA:14,0,1,4
BRDA:17,1,0,2
BRDA:17,1,1,2
BRDA:29,2,0,0
BRDA:29,2,1,2
BRDA:57,3,0,1
BRDA:57,3,1,0
BRDA:57,4,0,1
BRDA:57,4,1,1
BRDA:63,5,0,0
BRDA:63,5,1,0
BRDA:63,6,0,0
BRDA:63,6,1,0
BRDA:75,7,0,0
BRDA:75,7,1,1
BRDA:78,8,0,0
BRDA:78,8,1,1
BRDA:83,9,0,1
BRDA:83,9,1,1
BRDA:90,10,0,0
BRDA:90,10,1,1
BRDA:103,11,0,0
BRDA:103,11,1,1
BRDA:106,12,0,0
BRDA:106,12,1,1
BRF:26
BRH:14
end_of_record
TN:
SF:src\app\api\invitations\[invitationId]\route.ts
FN:5,DELETE
FNF:1
FNH:1
FNDA:1,DELETE
DA:9,1
DA:10,1
DA:11,0
DA:13,1
DA:14,0
DA:17,1
DA:18,1
DA:23,1
DA:24,0
DA:26,1
LF:10
LH:7
BRDA:10,0,0,0
BRDA:10,0,1,1
BRDA:13,1,0,0
BRDA:13,1,1,1
BRDA:23,2,0,0
BRDA:23,2,1,1
BRF:6
BRH:3
end_of_record
TN:
SF:src\app\api\invitations\[invitationId]\resend\route.ts
FN:9,POST
FNF:1
FNH:1
FNDA:6,POST
DA:6,1
DA:7,1
DA:13,6
DA:14,6
DA:15,0
DA:17,6
DA:18,0
DA:21,6
DA:23,6
DA:24,6
DA:25,1
DA:31,5
DA:35,5
DA:36,0
DA:39,5
LF:15
LH:12
BRDA:14,0,0,0
BRDA:14,0,1,6
BRDA:17,1,0,0
BRDA:17,1,1,6
BRDA:24,2,0,1
BRDA:24,2,1,5
BRDA:35,3,0,0
BRDA:35,3,1,5
BRF:8
BRH:5
end_of_record
TN:
SF:src\app\api\users\[userId]\route.ts
FN:11,findTargetUser
FN:17,isLastOwner
FN:29,DELETE
FN:76,PATCH
FNF:4
FNH:4
FNDA:2,findTargetUser
FNDA:2,isLastOwner
FNDA:1,DELETE
FNDA:1,PATCH
DA:12,2
DA:18,2
DA:22,2
DA:23,2
DA:26,2
DA:33,1
DA:34,1
DA:35,0
DA:37,1
DA:38,0
DA:41,1
DA:42,1
DA:43,1
DA:44,0
DA:47,1
DA:48,1
DA:54,0
DA:59,0
DA:69,0
DA:72,1
DA:80,1
DA:81,1
DA:82,0
DA:84,1
DA:85,0
DA:89,1
DA:90,1
DA:92,0
DA:94,1
DA:95,1
DA:96,0
DA:99,1
DA:100,1
DA:101,1
DA:102,0
DA:105,1
DA:106,1
DA:107,1
DA:113,0
DA:119,0
DA:130,0
LF:41
LH:27
BRDA:22,0,0,0
BRDA:22,0,1,2
BRDA:34,1,0,0
BRDA:34,1,1,1
BRDA:37,2,0,0
BRDA:37,2,1,1
BRDA:43,3,0,0
BRDA:43,3,1,1
BRDA:47,4,0,1
BRDA:47,4,1,0
BRDA:81,5,0,0
BRDA:81,5,1,1
BRDA:84,6,0,0
BRDA:84,6,1,1
BRDA:95,7,0,0
BRDA:95,7,1,1
BRDA:101,8,0,0
BRDA:101,8,1,1
BRDA:105,9,0,1
BRDA:105,9,1,1
BRDA:106,10,0,1
BRDA:106,10,1,0
BRDA:106,11,0,1
BRDA:106,11,1,1
BRF:24
BRH:14
end_of_record
TN:
SF:src\app\api\webhooks\gmail\route.ts
FN:24,POST
FNF:1
FNH:1
FNDA:3,POST
DA:20,1
DA:26,3
DA:27,3
DA:28,1
DA:29,1
DA:32,2
DA:34,3
DA:36,3
DA:37,3
DA:39,1
DA:40,1
DA:44,1
DA:45,1
DA:47,0
DA:51,1
DA:52,3
DA:53,0
DA:57,1
DA:58,1
DA:59,1
DA:61,0
DA:65,1
DA:72,1
DA:73,0
DA:75,0
DA:78,1
DA:80,1
DA:95,1
LF:28
LH:23
BRDA:27,0,0,1
BRDA:27,0,1,2
BRDA:32,1,0,2
BRDA:32,1,1,0
BRDA:34,2,0,3
BRDA:34,2,1,2
BRDA:52,3,0,0
BRDA:52,3,1,3
BRDA:72,4,0,0
BRDA:72,4,1,1
BRF:10
BRH:7
end_of_record
TN:
SF:src\app\api\webhooks\graph\route.ts
FN:19,POST
FN:48,(anonymous_1)
FNF:2
FNH:2
FNDA:4,POST
FNDA:3,(anonymous_1)
DA:21,4
DA:22,4
DA:24,0
DA:32,4
DA:33,4
DA:35,0
DA:39,4
DA:40,4
DA:41,1
DA:42,1
DA:45,3
DA:48,4
DA:49,4
DA:50,2
DA:51,2
DA:54,1
DA:56,1
DA:57,1
DA:60,1
DA:64,1
DA:65,0
DA:66,0
DA:70,1
DA:86,1
LF:24
LH:20
BRDA:22,0,0,0
BRDA:22,0,1,4
BRDA:40,1,0,1
BRDA:40,1,1,3
BRDA:45,2,0,3
BRDA:45,2,1,0
BRDA:49,3,0,2
BRDA:49,3,1,2
BRDA:64,4,0,0
BRDA:64,4,1,1
BRF:10
BRH:7
end_of_record
TN:
SF:src\lib\anthropic.ts
FNF:0
FNH:0
DA:3,1
DA:5,1
DA:10,1
DA:13,1
DA:14,1
LF:5
LH:5
BRDA:3,0,0,0
BRDA:3,0,1,1
BRDA:10,1,0,1
BRDA:10,1,1,1
BRF:4
BRH:3
end_of_record
TN:
SF:src\lib\at-fiscal-qr.ts
FN:50,parseATFiscalQR
FN:94,atQRDocTypeToDocumentType
FN:116,atQRDateToPT
FN:131,atQRDocTypeLabel
FNF:4
FNH:4
FNDA:9,parseATFiscalQR
FNDA:7,atQRDocTypeToDocumentType
FNDA:7,atQRDateToPT
FNDA:5,atQRDocTypeLabel
DA:52,9
DA:54,4
DA:55,4
DA:56,46
DA:57,46
DA:58,46
DA:59,46
DA:60,46
DA:65,4
DA:67,4
DA:68,4
DA:70,3
DA:95,7
DA:96,1
DA:97,1
DA:98,1
DA:99,1
DA:100,1
DA:101,1
DA:102,0
DA:103,0
DA:104,0
DA:105,0
DA:106,0
DA:107,0
DA:108,1
DA:117,7
DA:118,4
DA:119,4
DA:120,4
DA:122,4
DA:123,4
DA:124,4
DA:125,2
DA:132,5
DA:141,5
LF:36
LH:30
BRDA:52,0,0,5
BRDA:52,0,1,4
BRDA:52,1,0,9
BRDA:52,1,1,5
BRDA:57,2,0,46
BRDA:57,2,1,0
BRDA:65,3,0,0
BRDA:65,3,1,4
BRDA:65,4,0,4
BRDA:65,4,1,4
BRDA:65,4,2,4
BRDA:68,5,0,1
BRDA:68,5,1,3
BRDA:72,6,0,3
BRDA:72,6,1,0
BRDA:74,7,0,9
BRDA:74,7,1,0
BRDA:75,8,0,9
BRDA:75,8,1,0
BRDA:76,9,0,9
BRDA:76,9,1,0
BRDA:77,10,0,9
BRDA:77,10,1,1
BRDA:78,11,0,3
BRDA:78,11,1,0
BRDA:80,12,0,9
BRDA:80,12,1,0
BRDA:81,13,0,9
BRDA:81,13,1,0
BRDA:95,14,0,1
BRDA:95,14,1,1
BRDA:95,14,2,1
BRDA:95,14,3,1
BRDA:95,14,4,1
BRDA:95,14,5,1
BRDA:95,14,6,0
BRDA:95,14,7,0
BRDA:95,14,8,0
BRDA:95,14,9,0
BRDA:95,14,10,0
BRDA:95,14,11,0
BRDA:95,14,12,1
BRDA:117,15,0,3
BRDA:117,15,1,4
BRDA:117,16,0,7
BRDA:117,16,1,6
BRDA:123,17,0,0
BRDA:123,17,1,4
BRDA:123,18,0,4
BRDA:123,18,1,4
BRDA:123,18,2,4
BRDA:124,19,0,2
BRDA:124,19,1,2
BRDA:124,20,0,4
BRDA:124,20,1,4
BRDA:124,20,2,3
BRDA:124,20,3,3
BRDA:124,20,4,3
BRDA:141,21,0,5
BRDA:141,21,1,1
BRF:60
BRH:44
end_of_record
TN:
SF:src\lib\auth-adapter.ts
FN:15,GabifyAdapter
FN:20,createUser
FNF:2
FNH:2
FNDA:8,GabifyAdapter
FNDA:8,createUser
DA:16,8
DA:18,8
DA:21,8
DA:28,3
LF:4
LH:4
BRDA:23,0,0,8
BRDA:23,0,1,8
BRDA:24,1,0,8
BRDA:24,1,1,8
BRDA:25,2,0,8
BRDA:25,2,1,7
BRF:6
BRH:6
end_of_record
TN:
SF:src\lib\auth.config.ts
FN:15,authorized
FNF:1
FNH:0
FNDA:0,authorized
DA:8,0
DA:16,0
DA:17,0
DA:20,0
DA:23,0
DA:24,0
DA:27,0
LF:7
LH:0
BRDA:20,0,0,0
BRDA:20,0,1,0
BRDA:23,1,0,0
BRDA:23,1,1,0
BRDA:24,2,0,0
BRDA:24,2,1,0
BRF:6
BRH:0
end_of_record
TN:
SF:src\lib\auth.ts
FN:19,sendVerificationRequest
FN:35,jwt
FN:48,session
FNF:3
FNH:0
FNDA:0,sendVerificationRequest
FNDA:0,jwt
FNDA:0,session
DA:8,0
DA:20,0
DA:21,0
DA:22,0
DA:24,0
DA:25,0
DA:37,0
DA:38,0
DA:42,0
DA:43,0
DA:44,0
DA:46,0
DA:49,0
DA:50,0
DA:51,0
DA:52,0
LF:16
LH:0
BRDA:15,0,0,0
BRDA:15,0,1,0
BRDA:21,1,0,0
BRDA:21,1,1,0
BRDA:26,2,0,0
BRDA:26,2,1,0
BRDA:37,3,0,0
BRDA:37,3,1,0
BRDA:43,4,0,0
BRDA:43,4,1,0
BRDA:44,5,0,0
BRDA:44,5,1,0
BRDA:50,6,0,0
BRDA:50,6,1,0
BRDA:51,7,0,0
BRDA:51,7,1,0
BRF:16
BRH:0
end_of_record
TN:
SF:src\lib\crypto.ts
FN:6,getEncryptionKey
FN:22,encryptToken
FN:34,decryptToken
FNF:3
FNH:3
FNDA:62,getEncryptionKey
FNDA:52,encryptToken
FNDA:10,decryptToken
DA:3,6
DA:4,6
DA:7,62
DA:8,62
DA:9,2
DA:11,60
DA:12,60
DA:13,1
DA:15,59
DA:23,52
DA:24,52
DA:25,52
DA:26,52
DA:27,52
DA:35,10
DA:36,10
DA:37,10
DA:38,1
DA:40,8
DA:41,8
DA:42,8
DA:43,8
DA:44,8
LF:23
LH:23
BRDA:8,0,0,2
BRDA:8,0,1,60
BRDA:12,1,0,1
BRDA:12,1,1,59
BRDA:37,2,0,1
BRDA:37,2,1,9
BRF:6
BRH:6
end_of_record
TN:
SF:src\lib\document-types.ts
FNF:0
FNH:0
DA:7,1
LF:1
LH:1
BRF:0
BRH:0
end_of_record
TN:
SF:src\lib\prisma.ts
FN:9,createPrismaClient
FNF:1
FNH:1
FNDA:5,createPrismaClient
DA:5,5
DA:10,5
DA:11,5
DA:12,5
DA:18,5
DA:20,5
LF:6
LH:6
BRDA:14,0,0,0
BRDA:14,0,1,5
BRDA:18,1,0,5
BRDA:18,1,1,5
BRDA:20,2,0,5
BRDA:20,2,1,0
BRF:6
BRH:4
end_of_record
TN:
SF:src\lib\qr-reader.ts
FN:11,extractQRCodeFromImage
FN:37,extractQRCodeFromPDF
FN:69,searchATQRInPDFBinary
FN:93,extractJPEGsFromPDF
FN:127,(anonymous_4)
FN:131,(anonymous_5)
FNF:6
FNH:0
FNDA:0,extractQRCodeFromImage
FNDA:0,extractQRCodeFromPDF
FNDA:0,searchATQRInPDFBinary
FNDA:0,extractJPEGsFromPDF
FNDA:0,(anonymous_4)
FNDA:0,(anonymous_5)
DA:12,0
DA:13,0
DA:18,0
DA:19,0
DA:21,0
DA:39,0
DA:40,0
DA:41,0
DA:42,0
DA:46,0
DA:47,0
DA:49,0
DA:50,0
DA:51,0
DA:52,0
DA:53,0
DA:57,0
DA:71,0
DA:75,0
DA:76,0
DA:79,0
DA:80,0
DA:94,0
DA:95,0
DA:96,0
DA:98,0
DA:99,0
DA:101,0
DA:103,0
DA:104,0
DA:106,0
DA:107,0
DA:108,0
DA:109,0
DA:110,0
DA:111,0
DA:112,0
DA:114,0
DA:115,0
DA:116,0
DA:118,0
DA:120,0
DA:122,0
DA:127,0
DA:129,0
DA:131,0
LF:46
LH:0
BRDA:19,0,0,0
BRDA:19,0,1,0
BRDA:40,1,0,0
BRDA:40,1,1,0
BRDA:51,2,0,0
BRDA:51,2,1,0
BRDA:76,3,0,0
BRDA:76,3,1,0
BRDA:103,4,0,0
BRDA:103,4,1,0
BRDA:103,5,0,0
BRDA:103,5,1,0
BRDA:103,5,2,0
BRDA:108,6,0,0
BRDA:108,6,1,0
BRDA:109,7,0,0
BRDA:109,7,1,0
BRDA:109,8,0,0
BRDA:109,8,1,0
BRDA:111,9,0,0
BRDA:111,9,1,0
BRDA:120,10,0,0
BRDA:120,10,1,0
BRF:23
BRH:0
end_of_record
TN:
SF:src\lib\r2.ts
FN:13,getR2Client
FN:32,getBucket
FN:41,uploadToR2
FN:60,getSignedDownloadUrl
FN:71,deleteFromR2
FN:79,buildAttachmentKey
FNF:6
FNH:1
FNDA:0,getR2Client
FNDA:0,getBucket
FNDA:0,uploadToR2
FNDA:0,getSignedDownloadUrl
FNDA:0,deleteFromR2
FNDA:3,buildAttachmentKey
DA:11,1
DA:14,0
DA:16,0
DA:17,0
DA:18,0
DA:20,0
DA:29,0
DA:33,0
DA:34,0
DA:46,0
DA:64,0
DA:65,0
DA:72,0
DA:86,3
DA:87,3
LF:15
LH:3
BRDA:14,0,0,0
BRDA:14,0,1,0
BRDA:16,1,0,0
BRDA:16,1,1,0
BRDA:17,2,0,0
BRDA:17,2,1,0
BRDA:18,3,0,0
BRDA:18,3,1,0
BRDA:33,4,0,0
BRDA:33,4,1,0
BRDA:62,5,0,0
BRDA:86,6,0,3
BRDA:86,6,1,1
BRF:13
BRH:2
end_of_record
TN:
SF:src\lib\redis.ts
FN:32,getEmailSyncQueue
FN:39,getDocumentParseQueue
FNF:2
FNH:0
FNDA:0,getEmailSyncQueue
FNDA:0,getDocumentParseQueue
DA:3,1
DA:7,1
DA:14,1
DA:15,1
DA:18,1
DA:29,1
DA:30,1
DA:33,0
DA:34,0
DA:36,0
DA:40,0
DA:41,0
DA:43,0
LF:13
LH:7
BRDA:3,0,0,0
BRDA:3,0,1,1
BRDA:33,1,0,0
BRDA:33,1,1,0
BRDA:40,2,0,0
BRDA:40,2,1,0
BRF:6
BRH:1
end_of_record
TN:
SF:src\lib\resend.ts
FNF:0
FNH:0
DA:3,0
DA:5,0
DA:7,0
LF:3
LH:0
BRDA:3,0,0,0
BRDA:3,0,1,0
BRDA:7,1,0,0
BRDA:7,1,1,0
BRF:4
BRH:0
end_of_record
TN:
SF:src\lib\text-extractor.ts
FN:9,truncate
FN:35,extractText
FNF:2
FNH:2
FNDA:24,truncate
FNDA:29,extractText
DA:7,1
DA:10,24
DA:11,3
DA:13,21
DA:17,1
DA:36,29
DA:38,29
DA:40,7
DA:41,7
DA:42,7
DA:44,7
DA:45,6
DA:49,3
DA:50,3
DA:55,6
DA:60,4
DA:61,4
DA:62,4
DA:63,5
DA:64,5
DA:66,5
DA:67,5
DA:69,4
DA:74,2
DA:78,3
DA:79,3
DA:80,3
DA:81,3
DA:82,4
DA:83,3
DA:84,3
DA:85,3
DA:87,3
DA:91,4
LF:34
LH:34
BRDA:10,0,0,3
BRDA:10,0,1,21
BRDA:38,1,0,7
BRDA:38,1,1,3
BRDA:38,1,2,5
BRDA:38,1,3,6
BRDA:38,1,4,3
BRDA:38,1,5,4
BRDA:38,1,6,2
BRDA:38,1,7,3
BRDA:38,1,8,4
BRDA:44,2,0,1
BRDA:44,2,1,6
BRDA:82,3,0,1
BRDA:82,3,1,3
BRDA:85,4,0,3
BRDA:85,4,1,0
BRF:17
BRH:16
end_of_record
TN:
SF:src\lib\utils.ts
FN:4,cn
FNF:1
FNH:0
FNDA:0,cn
DA:5,0
LF:1
LH:0
BRF:0
BRH:0
end_of_record
TN:
SF:src\queues\document-parse.processor.ts
FN:39,processDocumentParse
FN:58,runParse
FN:210,maybeGenerateDraftForEmail
FN:239,(anonymous_3)
FN:244,(anonymous_4)
FN:292,(anonymous_5)
FN:293,(anonymous_6)
FN:322,(anonymous_7)
FN:329,getExtension
FNF:9
FNH:8
FNDA:2,processDocumentParse
FNDA:2,runParse
FNDA:3,maybeGenerateDraftForEmail
FNDA:3,(anonymous_3)
FNDA:2,(anonymous_4)
FNDA:2,(anonymous_5)
FNDA:2,(anonymous_6)
FNDA:0,(anonymous_7)
FNDA:1,getExtension
DA:23,1
DA:43,2
DA:44,2
DA:46,2
DA:47,2
DA:48,2
DA:49,1
DA:50,1
DA:52,1
DA:53,1
DA:54,1
DA:61,2
DA:63,2
DA:74,2
DA:76,2
DA:78,2
DA:80,0
DA:81,0
DA:85,2
DA:86,2
DA:87,2
DA:93,1
DA:94,1
DA:102,1
DA:104,1
DA:110,1
DA:112,1
DA:114,2
DA:115,1
DA:118,2
DA:131,1
DA:133,1
DA:135,1
DA:136,1
DA:137,0
DA:138,0
DA:139,0
DA:140,0
DA:141,0
DA:144,0
DA:145,0
DA:147,1
DA:148,1
DA:149,1
DA:150,0
DA:151,0
DA:152,0
DA:155,1
DA:156,1
DA:161,0
DA:166,1
DA:167,0
DA:174,1
DA:191,1
DA:193,1
DA:198,1
DA:215,3
DA:236,3
DA:238,3
DA:239,3
DA:240,3
DA:243,3
DA:244,2
DA:245,3
DA:247,3
DA:251,3
DA:255,3
DA:256,3
DA:265,1
DA:266,1
DA:268,0
DA:271,2
DA:273,2
DA:285,2
DA:289,2
DA:291,3
DA:292,2
DA:293,2
DA:306,3
DA:315,2
DA:322,0
DA:323,0
DA:330,1
DA:331,1
DA:333,0
DA:342,0
LF:86
LH:67
BRDA:49,0,0,1
BRDA:49,0,1,0
BRDA:52,1,0,1
BRDA:52,1,1,0
BRDA:76,2,0,2
BRDA:76,2,1,0
BRDA:78,3,0,0
BRDA:78,3,1,2
BRDA:89,4,0,2
BRDA:89,4,1,0
BRDA:112,5,0,1
BRDA:112,5,1,0
BRDA:114,6,0,0
BRDA:114,6,1,1
BRDA:115,7,0,1
BRDA:115,7,1,1
BRDA:135,8,0,1
BRDA:135,8,1,0
BRDA:136,9,0,0
BRDA:136,9,1,1
BRDA:138,10,0,0
BRDA:138,10,1,0
BRDA:140,11,0,0
BRDA:140,11,1,0
BRDA:144,12,0,0
BRDA:144,12,1,0
BRDA:147,13,0,1
BRDA:147,13,1,0
BRDA:149,14,0,0
BRDA:149,14,1,1
BRDA:151,15,0,0
BRDA:151,15,1,0
BRDA:155,16,0,1
BRDA:155,16,1,0
BRDA:156,17,0,0
BRDA:156,17,1,1
BRDA:158,18,0,1
BRDA:158,18,1,0
BRDA:161,19,0,0
BRDA:161,19,1,0
BRDA:166,20,0,0
BRDA:166,20,1,1
BRDA:166,21,0,1
BRDA:166,21,1,0
BRDA:236,22,0,0
BRDA:236,22,1,3
BRDA:240,23,0,0
BRDA:240,23,1,3
BRDA:243,24,0,3
BRDA:243,24,1,2
BRDA:244,25,0,2
BRDA:244,25,1,0
BRDA:245,26,0,0
BRDA:245,26,1,3
BRDA:251,27,0,0
BRDA:251,27,1,3
BRDA:265,28,0,1
BRDA:265,28,1,0
BRDA:265,29,0,1
BRDA:265,29,1,1
BRDA:289,30,0,2
BRDA:289,30,1,2
BRDA:297,31,0,2
BRDA:297,31,1,0
BRDA:299,32,0,0
BRDA:299,32,1,2
BRDA:302,33,0,2
BRDA:302,33,1,2
BRDA:303,34,0,2
BRDA:303,34,1,2
BRDA:310,35,0,3
BRDA:310,35,1,2
BRDA:331,36,0,1
BRDA:331,36,1,0
BRDA:331,37,0,1
BRDA:331,37,1,1
BRDA:342,38,0,0
BRDA:342,38,1,0
BRF:78
BRH:41
end_of_record
TN:
SF:src\queues\document-parse.worker.ts
FN:11,(anonymous_0)
FN:18,(anonymous_1)
FNF:2
FNH:0
FNDA:0,(anonymous_0)
FNDA:0,(anonymous_1)
DA:9,0
DA:11,0
DA:18,0
DA:19,0
LF:4
LH:0
BRF:0
BRH:0
end_of_record
TN:
SF:src\queues\email-sync.processor.ts
FN:22,queuePendingAttachments
FN:50,processEmailSync
FNF:2
FNH:1
FNDA:1,queuePendingAttachments
FNDA:0,processEmailSync
DA:27,1
DA:35,1
DA:36,1
DA:37,2
DA:43,1
DA:54,0
DA:55,0
DA:57,0
DA:58,0
DA:60,0
DA:64,0
DA:65,0
DA:68,0
DA:72,0
DA:73,0
DA:74,0
DA:77,0
DA:79,0
DA:80,0
DA:82,0
DA:83,0
DA:84,0
LF:22
LH:5
BRDA:35,0,0,1
BRDA:35,0,1,0
BRDA:82,1,0,0
BRDA:82,1,1,0
BRF:4
BRH:1
end_of_record
TN:
SF:src\queues\email-sync.worker.ts
FN:17,(anonymous_0)
FN:24,(anonymous_1)
FN:28,(anonymous_2)
FN:32,(anonymous_3)
FN:40,schedulePollingJobs
FN:64,(anonymous_5)
FN:65,(anonymous_6)
FN:66,(anonymous_7)
FNF:8
FNH:0
FNDA:0,(anonymous_0)
FNDA:0,(anonymous_1)
FNDA:0,(anonymous_2)
FNDA:0,(anonymous_3)
FNDA:0,schedulePollingJobs
FNDA:0,(anonymous_5)
FNDA:0,(anonymous_6)
FNDA:0,(anonymous_7)
DA:15,0
DA:17,0
DA:24,0
DA:25,0
DA:28,0
DA:29,0
DA:32,0
DA:33,0
DA:38,0
DA:41,0
DA:46,0
DA:47,0
DA:48,0
DA:51,0
DA:52,0
DA:53,0
DA:60,0
DA:64,0
DA:65,0
DA:66,0
LF:20
LH:0
BRDA:38,0,0,0
BRDA:38,0,1,0
BRDA:46,1,0,0
BRDA:46,1,1,0
BRF:4
BRH:0
end_of_record
TN:
SF:src\queues\job-log.ts
FN:6,createJobLog
FN:18,updateJobLog
FNF:2
FNH:2
FNDA:2,createJobLog
FNDA:4,updateJobLog
DA:12,2
DA:15,2
DA:24,4
LF:3
LH:3
BRDA:30,0,0,2
BRDA:30,0,1,2
BRDA:31,1,0,2
BRDA:31,1,1,2
BRF:4
BRH:4
end_of_record
TN:
SF:src\server\rate-limit.ts
FN:14,checkRateLimit
FN:17,(anonymous_1)
FN:34,resetRateLimits
FNF:3
FNH:3
FNDA:6,checkRateLimit
FNDA:15,(anonymous_1)
FNDA:13,resetRateLimits
DA:12,1
DA:15,6
DA:16,6
DA:17,15
DA:19,6
DA:20,1
DA:21,1
DA:22,1
DA:28,5
DA:29,5
DA:30,5
DA:35,13
LF:12
LH:12
BRDA:17,0,0,6
BRDA:17,0,1,1
BRDA:19,1,0,1
BRDA:19,1,1,5
BRF:4
BRH:4
end_of_record
TN:
SF:src\server\email-providers\EmailProvider.ts
FNF:0
FNH:0
LF:0
LH:0
BRF:0
BRH:0
end_of_record
TN:
SF:src\server\email-providers\GmailProvider.ts
FN:76,constructor
FN:82,syncInbox
FN:165,getAttachment
FN:185,sendReply
FN:197,(anonymous_4)
FN:203,(anonymous_5)
FN:247,watchChanges
FN:294,refreshTokenIfNeeded
FN:355,gmailGet
FN:369,upsertMessage
FN:372,(anonymous_10)
FN:373,(anonymous_11)
FN:459,(anonymous_12)
FN:463,(anonymous_13)
FN:465,(anonymous_14)
FN:468,(anonymous_15)
FN:489,parseFromHeader
FN:504,extractTextBody
FN:535,extractAttachmentParts
FN:536,(anonymous_19)
FN:551,collectAttachmentParts
FN:575,extractHtmlBody
FN:593,parseAddressList
FN:597,(anonymous_23)
FN:601,(anonymous_24)
FNF:25
FNH:25
FNDA:41,constructor
FNDA:28,syncInbox
FNDA:3,getAttachment
FNDA:4,sendReply
FNDA:16,(anonymous_4)
FNDA:8,(anonymous_5)
FNDA:6,watchChanges
FNDA:41,refreshTokenIfNeeded
FNDA:45,gmailGet
FNDA:16,upsertMessage
FNDA:80,(anonymous_10)
FNDA:209,(anonymous_11)
FNDA:6,(anonymous_12)
FNDA:2,(anonymous_13)
FNDA:6,(anonymous_14)
FNDA:4,(anonymous_15)
FNDA:16,parseFromHeader
FNDA:23,extractTextBody
FNDA:16,extractAttachmentParts
FNDA:6,(anonymous_19)
FNDA:30,collectAttachmentParts
FNDA:30,extractHtmlBody
FNDA:32,parseAddressList
FNDA:3,(anonymous_23)
FNDA:3,(anonymous_24)
DA:7,2
DA:8,2
DA:9,2
DA:77,41
DA:83,28
DA:85,25
DA:86,25
DA:87,25
DA:89,25
DA:91,22
DA:92,22
DA:94,21
DA:96,22
DA:97,15
DA:102,15
DA:103,15
DA:104,14
DA:106,1
DA:112,15
DA:116,15
DA:121,3
DA:125,3
DA:127,3
DA:129,3
DA:130,3
DA:131,1
DA:132,1
DA:133,1
DA:138,1
DA:139,1
DA:140,1
DA:142,0
DA:148,24
DA:149,18
DA:155,24
DA:166,3
DA:167,3
DA:169,3
DA:173,3
DA:174,1
DA:179,2
DA:182,2
DA:186,4
DA:189,4
DA:194,4
DA:195,4
DA:197,16
DA:199,4
DA:203,8
DA:205,4
DA:208,4
DA:218,4
DA:219,4
DA:221,4
DA:223,4
DA:232,4
DA:233,2
DA:238,2
DA:248,6
DA:250,6
DA:251,6
DA:252,1
DA:255,5
DA:257,5
DA:269,5
DA:270,1
DA:275,4
DA:278,4
DA:279,3
DA:285,4
DA:295,41
DA:298,41
DA:301,41
DA:302,34
DA:305,7
DA:306,1
DA:311,6
DA:312,6
DA:313,6
DA:314,1
DA:319,5
DA:326,5
DA:332,5
DA:333,1
DA:338,4
DA:339,4
DA:340,4
DA:341,41
DA:343,41
DA:352,4
DA:356,45
DA:360,45
DA:361,1
DA:366,44
DA:370,16
DA:372,16
DA:373,209
DA:375,16
DA:376,16
DA:377,16
DA:379,16
DA:380,16
DA:381,16
DA:382,16
DA:383,16
DA:384,16
DA:385,16
DA:388,16
DA:389,16
DA:390,16
DA:395,16
DA:396,1
DA:398,15
DA:405,15
DA:409,16
DA:419,16
DA:454,16
DA:455,16
DA:456,4
DA:459,6
DA:463,4
DA:465,6
DA:466,4
DA:467,3
DA:468,4
DA:480,16
DA:490,16
DA:491,16
DA:492,9
DA:497,7
DA:505,23
DA:506,15
DA:509,8
DA:510,7
DA:511,7
DA:512,7
DA:516,3
DA:527,2
DA:528,2
DA:536,16
DA:537,6
DA:538,0
DA:539,0
DA:541,6
DA:543,16
DA:544,0
DA:548,16
DA:552,30
DA:554,30
DA:555,6
DA:563,30
DA:564,7
DA:565,14
DA:569,30
DA:576,30
DA:577,2
DA:580,28
DA:581,7
DA:582,14
DA:583,14
DA:587,26
DA:594,32
DA:595,2
DA:598,3
DA:599,3
DA:601,3
LF:166
LH:162
BRDA:89,0,0,22
BRDA:89,0,1,3
BRDA:94,1,0,21
BRDA:94,1,1,0
BRDA:103,2,0,14
BRDA:103,2,1,1
BRDA:112,3,0,15
BRDA:112,3,1,0
BRDA:113,4,0,15
BRDA:113,4,1,15
BRDA:113,4,2,0
BRDA:129,5,0,3
BRDA:129,5,1,0
BRDA:131,6,0,1
BRDA:131,6,1,0
BRDA:139,7,0,1
BRDA:139,7,1,0
BRDA:148,8,0,18
BRDA:148,8,1,6
BRDA:161,9,0,24
BRDA:161,9,1,6
BRDA:173,10,0,1
BRDA:173,10,1,2
BRDA:195,11,0,4
BRDA:195,11,1,0
BRDA:197,12,0,4
BRDA:197,12,1,0
BRDA:199,13,0,4
BRDA:199,13,1,0
BRDA:199,13,2,0
BRDA:203,14,0,4
BRDA:203,14,1,0
BRDA:205,15,0,1
BRDA:205,15,1,3
BRDA:232,16,0,2
BRDA:232,16,1,2
BRDA:251,17,0,1
BRDA:251,17,1,5
BRDA:269,18,0,1
BRDA:269,18,1,4
BRDA:278,19,0,3
BRDA:278,19,1,1
BRDA:278,20,0,4
BRDA:278,20,1,3
BRDA:298,21,0,41
BRDA:298,21,1,40
BRDA:301,22,0,34
BRDA:301,22,1,7
BRDA:301,23,0,41
BRDA:301,23,1,34
BRDA:305,24,0,1
BRDA:305,24,1,6
BRDA:313,25,0,1
BRDA:313,25,1,5
BRDA:313,26,0,6
BRDA:313,26,1,5
BRDA:332,27,0,1
BRDA:332,27,1,4
BRDA:340,28,0,4
BRDA:340,28,1,2
BRDA:360,29,0,1
BRDA:360,29,1,44
BRDA:370,30,0,16
BRDA:370,30,1,0
BRDA:373,31,0,80
BRDA:373,31,1,30
BRDA:376,32,0,16
BRDA:376,32,1,0
BRDA:380,33,0,16
BRDA:380,33,1,0
BRDA:389,34,0,16
BRDA:389,34,1,0
BRDA:395,35,0,1
BRDA:395,35,1,15
BRDA:401,36,0,15
BRDA:401,36,1,0
BRDA:455,37,0,4
BRDA:455,37,1,12
BRDA:466,38,0,3
BRDA:466,38,1,1
BRDA:480,39,0,1
BRDA:480,39,1,15
BRDA:491,40,0,9
BRDA:491,40,1,7
BRDA:493,41,0,9
BRDA:493,41,1,0
BRDA:505,42,0,15
BRDA:505,42,1,8
BRDA:505,43,0,23
BRDA:505,43,1,15
BRDA:509,44,0,7
BRDA:509,44,1,1
BRDA:512,45,0,5
BRDA:512,45,1,2
BRDA:537,46,0,0
BRDA:537,46,1,6
BRDA:537,47,0,6
BRDA:537,47,1,0
BRDA:543,48,0,0
BRDA:543,48,1,16
BRDA:554,49,0,6
BRDA:554,49,1,24
BRDA:554,50,0,30
BRDA:554,50,1,6
BRDA:558,51,0,6
BRDA:558,51,1,0
BRDA:559,52,0,6
BRDA:559,52,1,0
BRDA:563,53,0,7
BRDA:563,53,1,23
BRDA:576,54,0,2
BRDA:576,54,1,28
BRDA:576,55,0,30
BRDA:576,55,1,2
BRDA:580,56,0,7
BRDA:580,56,1,21
BRDA:583,57,0,2
BRDA:583,57,1,12
BRDA:594,58,0,30
BRDA:594,58,1,2
BRDA:599,59,0,1
BRDA:599,59,1,2
BRF:122
BRH:100
end_of_record
TN:
SF:src\server\email-providers\ImapProvider.ts
FN:20,constructor
FN:24,syncInbox
FN:35,getAttachment
FN:41,sendReply
FN:47,watchChanges
FNF:5
FNH:0
FNDA:0,constructor
FNDA:0,syncInbox
FNDA:0,getAttachment
FNDA:0,sendReply
FNDA:0,watchChanges
DA:21,0
DA:32,0
DA:38,0
DA:44,0
DA:50,0
LF:5
LH:0
BRF:0
BRH:0
end_of_record
TN:
SF:src\server\email-providers\OutlookProvider.ts
FN:77,constructor
FN:83,syncInbox
FN:136,getAttachment
FN:154,sendReply
FN:191,watchChanges
FN:238,refreshTokenIfNeeded
FN:301,graphGet
FN:315,upsertMessage
FN:408,persistAttachmentMetadata
FN:416,(anonymous_9)
FN:438,(anonymous_10)
FN:449,extractDeltaToken
FN:463,extractAddresses
FN:465,(anonymous_13)
FN:466,(anonymous_14)
FN:470,stripHtml
FNF:16
FNH:16
FNDA:34,constructor
FNDA:24,syncInbox
FNDA:3,getAttachment
FNDA:3,sendReply
FNDA:4,watchChanges
FNDA:34,refreshTokenIfNeeded
FNDA:25,graphGet
FNDA:12,upsertMessage
FNDA:3,persistAttachmentMetadata
FNDA:6,(anonymous_9)
FNDA:3,(anonymous_10)
FNDA:19,extractDeltaToken
FNDA:24,extractAddresses
FNDA:10,(anonymous_13)
FNDA:10,(anonymous_14)
FNDA:5,stripHtml
DA:7,2
DA:8,2
DA:9,2
DA:10,2
DA:13,2
DA:14,2
DA:78,34
DA:84,24
DA:87,21
DA:88,1
DA:90,20
DA:93,21
DA:94,21
DA:95,21
DA:97,21
DA:98,22
DA:100,21
DA:101,12
DA:102,12
DA:103,11
DA:105,1
DA:109,21
DA:110,19
DA:111,19
DA:112,2
DA:113,1
DA:115,1
DA:119,20
DA:120,19
DA:126,20
DA:137,3
DA:138,3
DA:140,3
DA:144,3
DA:145,1
DA:150,2
DA:151,2
DA:155,3
DA:156,3
DA:158,3
DA:167,3
DA:176,3
DA:177,2
DA:182,1
DA:192,4
DA:193,4
DA:195,4
DA:196,4
DA:197,1
DA:200,3
DA:204,3
DA:212,3
DA:221,3
DA:222,1
DA:227,2
DA:229,2
DA:239,34
DA:242,34
DA:245,34
DA:246,27
DA:249,7
DA:250,1
DA:255,6
DA:256,6
DA:257,6
DA:258,1
DA:263,5
DA:272,5
DA:278,5
DA:279,1
DA:284,4
DA:285,4
DA:286,4
DA:287,34
DA:289,34
DA:298,4
DA:302,25
DA:306,25
DA:307,1
DA:312,24
DA:316,12
DA:317,12
DA:318,12
DA:321,12
DA:322,12
DA:323,12
DA:326,12
DA:327,12
DA:330,12
DA:331,12
DA:332,11
DA:337,11
DA:338,1
DA:340,10
DA:347,10
DA:351,12
DA:361,12
DA:395,12
DA:396,3
DA:399,12
DA:413,3
DA:414,3
DA:416,3
DA:417,6
DA:418,5
DA:419,4
DA:420,1
DA:423,1
DA:425,3
DA:428,3
DA:429,0
DA:434,3
DA:435,3
DA:437,2
DA:438,3
DA:450,19
DA:451,19
DA:452,19
DA:453,19
DA:457,0
DA:464,24
DA:465,10
DA:466,10
DA:471,5
LF:124
LH:122
BRDA:87,0,0,1
BRDA:87,0,1,20
BRDA:102,1,0,11
BRDA:102,1,1,1
BRDA:109,2,0,19
BRDA:109,2,1,2
BRDA:112,3,0,1
BRDA:112,3,1,1
BRDA:119,4,0,19
BRDA:119,4,1,1
BRDA:132,5,0,20
BRDA:132,5,1,1
BRDA:144,6,0,1
BRDA:144,6,1,2
BRDA:176,7,0,2
BRDA:176,7,1,1
BRDA:196,8,0,1
BRDA:196,8,1,3
BRDA:221,9,0,1
BRDA:221,9,1,2
BRDA:242,10,0,34
BRDA:242,10,1,33
BRDA:245,11,0,27
BRDA:245,11,1,7
BRDA:245,12,0,34
BRDA:245,12,1,27
BRDA:249,13,0,1
BRDA:249,13,1,6
BRDA:257,14,0,1
BRDA:257,14,1,5
BRDA:257,15,0,6
BRDA:257,15,1,5
BRDA:278,16,0,1
BRDA:278,16,1,4
BRDA:286,17,0,4
BRDA:286,17,1,2
BRDA:306,18,0,1
BRDA:306,18,1,24
BRDA:316,19,0,12
BRDA:316,19,1,1
BRDA:317,20,0,12
BRDA:317,20,1,1
BRDA:318,21,0,11
BRDA:318,21,1,1
BRDA:322,22,0,5
BRDA:322,22,1,7
BRDA:322,23,0,5
BRDA:322,23,1,0
BRDA:323,24,0,5
BRDA:323,24,1,7
BRDA:324,25,0,5
BRDA:324,25,1,0
BRDA:325,26,0,7
BRDA:325,26,1,1
BRDA:331,27,0,11
BRDA:331,27,1,1
BRDA:337,28,0,1
BRDA:337,28,1,10
BRDA:343,29,0,10
BRDA:343,29,1,0
BRDA:372,30,0,12
BRDA:372,30,1,1
BRDA:383,31,0,12
BRDA:383,31,1,1
BRDA:395,32,0,3
BRDA:395,32,1,9
BRDA:399,33,0,1
BRDA:399,33,1,11
BRDA:416,34,0,3
BRDA:416,34,1,0
BRDA:417,35,0,1
BRDA:417,35,1,5
BRDA:418,36,0,1
BRDA:418,36,1,4
BRDA:419,37,0,1
BRDA:419,37,1,3
BRDA:419,38,0,4
BRDA:419,38,1,0
BRDA:428,39,0,0
BRDA:428,39,1,3
BRDA:435,40,0,1
BRDA:435,40,1,2
BRDA:441,41,0,3
BRDA:441,41,1,0
BRDA:442,42,0,3
BRDA:442,42,1,0
BRDA:443,43,0,3
BRDA:443,43,1,0
BRDA:453,44,0,19
BRDA:453,44,1,0
BRDA:464,45,0,24
BRDA:464,45,1,14
BRDA:465,46,0,10
BRDA:465,46,1,0
BRF:94
BRH:83
end_of_record
TN:
SF:src\server\email-providers\index.ts
FN:15,createEmailProvider
FNF:1
FNH:0
FNDA:0,createEmailProvider
DA:16,0
DA:18,0
DA:20,0
DA:22,0
DA:24,0
LF:5
LH:0
BRDA:16,0,0,0
BRDA:16,0,1,0
BRDA:16,0,2,0
BRDA:16,0,3,0
BRF:4
BRH:0
end_of_record
TN:
SF:src\server\services\client-matching.ts
FN:12,matchClientByEmail
FN:31,(anonymous_1)
FN:39,(anonymous_2)
FN:51,assignClientToEmail
FNF:4
FNH:4
FNDA:8,matchClientByEmail
FNDA:17,(anonymous_1)
FNDA:5,(anonymous_2)
FNDA:2,assignClientToEmail
DA:16,8
DA:17,8
DA:19,8
DA:20,1
DA:24,7
DA:30,7
DA:31,17
DA:32,10
DA:33,4
DA:38,3
DA:39,5
DA:40,5
DA:41,2
DA:45,1
DA:55,2
LF:15
LH:15
BRDA:19,0,0,1
BRDA:19,0,1,7
BRDA:32,1,0,4
BRDA:32,1,1,6
BRDA:40,2,0,2
BRDA:40,2,1,3
BRF:6
BRH:6
end_of_record
TN:
SF:src\server\services\draft-review-service.ts
FN:33,loadScopedAction
FN:46,currentStatusOf
FN:54,approveDraft
FN:115,rejectDraft
FN:168,retrySend
FN:226,editDraft
FN:260,dispatchReply
FNF:7
FNH:7
FNDA:11,loadScopedAction
FNDA:4,currentStatusOf
FNDA:9,approveDraft
FNDA:2,rejectDraft
FNDA:5,retrySend
FNDA:2,editDraft
FNDA:11,dispatchReply
DA:21,1
DA:34,11
DA:47,4
DA:51,4
DA:58,9
DA:59,9
DA:60,1
DA:64,8
DA:72,8
DA:73,1
DA:82,7
DA:90,7
DA:104,7
DA:106,9
DA:119,2
DA:120,2
DA:121,0
DA:125,2
DA:129,2
DA:130,1
DA:139,1
DA:154,1
DA:165,1
DA:173,5
DA:181,5
DA:182,0
DA:186,5
DA:194,5
DA:195,1
DA:204,4
DA:215,4
DA:216,5
DA:231,2
DA:239,2
DA:240,0
DA:243,2
DA:247,2
DA:248,1
DA:255,1
DA:267,11
DA:268,11
DA:269,11
DA:274,5
DA:275,5
DA:279,5
DA:282,6
DA:286,6
LF:47
LH:44
BRDA:59,0,0,1
BRDA:59,0,1,8
BRDA:69,1,0,0
BRDA:69,1,1,8
BRDA:72,2,0,1
BRDA:72,2,1,7
BRDA:87,3,0,7
BRDA:87,3,1,7
BRDA:104,4,0,7
BRDA:104,4,1,7
BRDA:104,4,2,6
BRDA:104,4,3,0
BRDA:120,5,0,0
BRDA:120,5,1,2
BRDA:129,6,0,1
BRDA:129,6,1,1
BRDA:145,7,0,1
BRDA:145,7,1,0
BRDA:150,8,0,2
BRDA:150,8,1,0
BRDA:161,9,0,1
BRDA:161,9,1,0
BRDA:181,10,0,0
BRDA:181,10,1,5
BRDA:194,11,0,1
BRDA:194,11,1,4
BRDA:215,12,0,4
BRDA:215,12,1,4
BRDA:215,12,2,0
BRDA:239,13,0,0
BRDA:239,13,1,2
BRDA:247,14,0,1
BRDA:247,14,1,1
BRDA:270,15,0,11
BRDA:270,15,1,0
BRDA:274,16,0,5
BRDA:274,16,1,0
BRF:37
BRH:26
end_of_record
TN:
SF:src\server\services\email-classification.ts
FN:23,classifyDocument
FN:84,classifyImage
FN:160,classifyPdfDocument
FN:229,classifyFromFilename
FN:272,classifyFromATQR
FN:320,generateEmailDraft
FN:348,buildClassificationPromptForImage
FN:396,buildClassificationPrompt
FN:430,buildDraftPrompt
FN:440,(anonymous_9)
FN:473,parsePtDate
FNF:11
FNH:5
FNDA:1,classifyDocument
FNDA:6,classifyImage
FNDA:0,classifyPdfDocument
FNDA:0,classifyFromFilename
FNDA:0,classifyFromATQR
FNDA:0,generateEmailDraft
FNDA:5,buildClassificationPromptForImage
FNDA:1,buildClassificationPrompt
FNDA:0,buildDraftPrompt
FNDA:0,(anonymous_9)
FNDA:5,parsePtDate
DA:8,1
DA:11,1
DA:12,1
DA:27,1
DA:29,1
DA:35,1
DA:36,1
DA:37,0
DA:41,1
DA:43,1
DA:45,1
DA:46,1
DA:48,0
DA:53,1
DA:59,1
DA:76,1
DA:89,6
DA:91,1
DA:94,5
DA:96,5
DA:120,5
DA:121,5
DA:122,0
DA:126,5
DA:127,5
DA:128,5
DA:130,0
DA:134,5
DA:138,6
DA:153,5
DA:164,0
DA:188,0
DA:189,0
DA:190,0
DA:194,0
DA:195,0
DA:196,0
DA:197,0
DA:199,0
DA:202,0
DA:204,0
DA:219,0
DA:234,0
DA:235,0
DA:236,0
DA:237,0
DA:238,0
DA:240,0
DA:255,0
DA:264,0
DA:276,0
DA:277,0
DA:278,0
DA:279,0
DA:281,0
DA:296,0
DA:328,0
DA:330,0
DA:332,0
DA:338,0
DA:339,0
DA:340,0
DA:343,0
DA:349,5
DA:397,1
DA:437,0
DA:439,0
DA:441,0
DA:442,0
DA:443,0
DA:444,0
DA:445,0
DA:449,0
DA:475,5
DA:476,5
DA:477,5
DA:478,5
LF:77
LH:32
BRDA:36,0,0,0
BRDA:36,0,1,1
BRDA:46,1,0,0
BRDA:46,1,1,1
BRDA:53,2,0,0
BRDA:53,2,1,1
BRDA:55,3,0,0
BRDA:55,3,1,1
BRDA:66,4,0,0
BRDA:66,4,1,1
BRDA:69,5,0,1
BRDA:69,5,1,1
BRDA:70,6,0,1
BRDA:70,6,1,1
BRDA:89,7,0,1
BRDA:89,7,1,5
BRDA:121,8,0,0
BRDA:121,8,1,5
BRDA:134,9,0,4
BRDA:134,9,1,1
BRDA:145,10,0,5
BRDA:145,10,1,0
BRDA:146,11,0,6
BRDA:146,11,1,0
BRDA:147,12,0,6
BRDA:147,12,1,5
BRDA:189,13,0,0
BRDA:189,13,1,0
BRDA:197,14,0,0
BRDA:197,14,1,0
BRDA:202,15,0,0
BRDA:202,15,1,0
BRDA:211,16,0,0
BRDA:211,16,1,0
BRDA:212,17,0,0
BRDA:212,17,1,0
BRDA:213,18,0,0
BRDA:213,18,1,0
BRDA:235,19,0,0
BRDA:235,19,1,0
BRDA:279,20,0,0
BRDA:279,20,1,0
BRDA:288,21,0,0
BRDA:288,21,1,0
BRDA:289,22,0,0
BRDA:289,22,1,0
BRDA:290,23,0,0
BRDA:290,23,1,0
BRDA:300,24,0,0
BRDA:300,24,1,0
BRDA:301,25,0,0
BRDA:301,25,1,0
BRDA:302,26,0,0
BRDA:302,26,1,0
BRDA:339,27,0,0
BRDA:339,27,1,0
BRDA:439,28,0,0
BRDA:439,28,1,0
BRDA:439,29,0,0
BRDA:439,29,1,0
BRDA:442,30,0,0
BRDA:442,30,1,0
BRDA:443,31,0,0
BRDA:443,31,1,0
BRDA:444,32,0,0
BRDA:444,32,1,0
BRDA:464,33,0,0
BRDA:464,33,1,0
BRDA:465,34,0,0
BRDA:465,34,1,0
BRDA:468,35,0,0
BRDA:468,35,1,0
BRDA:476,36,0,0
BRDA:476,36,1,5
BRDA:476,37,0,5
BRDA:476,37,1,5
BRDA:476,37,2,5
BRDA:478,38,0,0
BRDA:478,38,1,5
BRF:79
BRH:23
end_of_record
TN:
SF:src\server\services\invitation-service.ts
FN:18,constructor
FN:25,hashToken
FN:29,generateToken
FN:34,isPending
FN:42,sendInvitationEmail
FN:67,createInvitation
FN:131,validateInvitationToken
FN:140,findPendingInvitationByEmail
FN:158,canRequestMagicLink
FN:170,revokeInvitation
FN:190,resendInvitation
FN:220,acceptInvitationForEmail
FN:232,(anonymous_12)
FNF:13
FNH:13
FNDA:6,constructor
FNDA:19,hashToken
FNDA:15,generateToken
FNDA:8,isPending
FNDA:15,sendInvitationEmail
FNDA:11,createInvitation
FNDA:4,validateInvitationToken
FNDA:9,findPendingInvitationByEmail
FNDA:1,canRequestMagicLink
FNDA:1,revokeInvitation
FNDA:5,resendInvitation
FNDA:8,acceptInvitationForEmail
FNDA:3,(anonymous_12)
DA:6,1
DA:9,1
DA:19,6
DA:20,6
DA:21,6
DA:26,19
DA:30,15
DA:31,15
DA:35,8
DA:43,15
DA:44,15
DA:45,15
DA:73,11
DA:75,11
DA:79,11
DA:80,1
DA:83,10
DA:87,10
DA:88,0
DA:92,10
DA:97,10
DA:98,10
DA:110,10
DA:121,10
DA:125,10
DA:127,10
DA:132,4
DA:135,4
DA:136,1
DA:141,9
DA:150,9
DA:159,1
DA:160,1
DA:164,1
DA:165,1
DA:166,1
DA:174,1
DA:183,1
DA:194,5
DA:197,5
DA:199,5
DA:200,5
DA:205,5
DA:209,5
DA:211,5
DA:226,8
DA:227,8
DA:228,8
DA:229,5
DA:232,3
DA:233,3
DA:244,3
DA:249,3
DA:260,3
LF:54
LH:53
BRDA:34,0,0,8
BRDA:36,1,0,8
BRDA:36,1,1,7
BRDA:36,1,2,6
BRDA:43,2,0,15
BRDA:43,2,1,0
BRDA:79,3,0,1
BRDA:79,3,1,10
BRDA:87,4,0,0
BRDA:87,4,1,10
BRDA:135,5,0,3
BRDA:135,5,1,1
BRDA:135,6,0,4
BRDA:135,6,1,3
BRDA:164,7,0,0
BRDA:164,7,1,1
BRDA:197,8,0,0
BRDA:197,8,1,5
BRDA:197,9,0,5
BRDA:197,9,1,5
BRDA:228,10,0,5
BRDA:228,10,1,3
BRDA:236,11,0,3
BRDA:236,11,1,3
BRDA:237,12,0,3
BRDA:237,12,1,3
BRDA:238,13,0,3
BRDA:238,13,1,2
BRF:28
BRH:24
end_of_record
TN:
SF:src\server\services\office-service.ts
FN:11,createOffice
FN:17,createUserInOffice
FN:44,bootstrapOffice
FNF:3
FNH:3
FNDA:55,createOffice
FNDA:56,createUserInOffice
FNDA:2,bootstrapOffice
DA:12,55
DA:23,56
DA:49,2
DA:51,2
DA:55,2
DA:56,1
DA:59,1
DA:60,1
DA:67,1
DA:78,1
LF:10
LH:10
BRDA:13,0,0,55
BRDA:13,0,1,55
BRDA:27,1,0,56
BRDA:27,1,1,0
BRDA:55,2,0,1
BRDA:55,2,1,1
BRDA:64,3,0,1
BRDA:64,3,1,0
BRF:8
BRH:6
end_of_record
